Crashlog created at 2013-09-09 17:42:21 +0200

===== MESSAGE:

NoMethodError: undefined method `dir?' for File:Class

===== COMPILATION STACK:

  (empty)

===== STACK TRACE:

  0. /home/jimmac/.gem/ruby/gems/nanoc-3.6.4/lib/nanoc/cli/commands/watch.rb:74:in `block in run'
  1. /home/jimmac/.gem/ruby/gems/nanoc-3.6.4/lib/nanoc/cli/commands/watch.rb:74:in `map'
  2. /home/jimmac/.gem/ruby/gems/nanoc-3.6.4/lib/nanoc/cli/commands/watch.rb:74:in `run'
  3. /home/jimmac/.gem/ruby/gems/nanoc-3.6.4/lib/nanoc/cli/command_runner.rb:14:in `block in call'
  4. /home/jimmac/.gem/ruby/gems/nanoc-3.6.4/lib/nanoc/cli/error_handler.rb:70:in `handle_while'
  5. /home/jimmac/.gem/ruby/gems/nanoc-3.6.4/lib/nanoc/cli/error_handler.rb:26:in `handle_while'
  6. /home/jimmac/.gem/ruby/gems/nanoc-3.6.4/lib/nanoc/cli/command_runner.rb:13:in `call'
  7. /home/jimmac/.gem/ruby/gems/cri-2.4.0/lib/cri/command_dsl.rb:185:in `block in runner'
  8. /home/jimmac/.gem/ruby/gems/cri-2.4.0/lib/cri/command.rb:296:in `call'
  9. /home/jimmac/.gem/ruby/gems/cri-2.4.0/lib/cri/command.rb:296:in `run_this'
  10. /home/jimmac/.gem/ruby/gems/cri-2.4.0/lib/cri/command.rb:249:in `run'
  11. /home/jimmac/.gem/ruby/gems/cri-2.4.0/lib/cri/command.rb:262:in `run'
  12. /home/jimmac/.gem/ruby/gems/nanoc-3.6.4/lib/nanoc/cli.rb:52:in `block in run'
  13. /home/jimmac/.gem/ruby/gems/nanoc-3.6.4/lib/nanoc/cli/error_handler.rb:70:in `handle_while'
  14. /home/jimmac/.gem/ruby/gems/nanoc-3.6.4/lib/nanoc/cli/error_handler.rb:26:in `handle_while'
  15. /home/jimmac/.gem/ruby/gems/nanoc-3.6.4/lib/nanoc/cli.rb:50:in `run'
  16. /home/jimmac/.gem/ruby/gems/nanoc-3.6.4/bin/nanoc:19:in `<top (required)>'
  17. /home/jimmac/bin/nanoc:23:in `load'
  ... 20 more lines omitted. See full crash log for details.

===== VERSION INFORMATION:

nanoc 3.6.4 © 2007-2013 Denis Defreyne.
Running ruby 2.0.0 (2013-06-27) on x86_64-linux with RubyGems 2.0.7.

===== SYSTEM INFORMATION:

Linux poseidon 3.10.9-200.fc19.x86_64 #1 SMP Wed Aug 21 19:27:58 UTC 2013 x86_64 x86_64 x86_64 GNU/Linux

===== INSTALLED GEMS:

  adsf 1.1.1
  bigdecimal 1.2.0
  bundler 1.3.1
  coffee-script 2.2.0
  coffee-script-source 1.6.1
  colored 1.2
  cri 2.4.0
  diff-lcs 1.1.3
  execjs 1.4.0
  haml 4.0.3
  io-console 0.4.2
  json 1.7.7
  listen 0.4.7
  multi_json 1.7.1
  nanoc 3.6.4
  net-http-persistent 2.9
  psych 2.0.0
  rack 1.5.2
  rake 10.0.4
  rdoc 4.0.1
  ruby2ruby 2.0.1
  ruby_parser 3.1.1
  sass 3.2.6, 3.2.10
  sexp_processor 4.1.5
  thor 0.17.0
  tilt 1.4.1

===== ENVIRONMENT:

BLENDERDIR => "/home/jimmac/src/cvs/build/linux2"
BROWSER => "firefox"
COLORTERM => "gnome-terminal"
CVS_RSH => "ssh"
DBUS_SESSION_BUS_ADDRESS => "unix:abstract=/tmp/dbus-kDifxqD0vP,guid=d2056621c9941ef83beb43b6522da379"
DESKTOP_SESSION => "gnome"
DISPLAY => ":0"
EMAIL_ADDRESS => "jimmac@keinspam.ximian.com"
EVOLVE_ME_HARDER => "1"
GDK_USE_XFT => "1"
GDMSESSION => "gnome"
GDM_LANG => "en_US.utf8"
GJS_DEBUG_OUTPUT => "stderr"
GJS_DEBUG_TOPICS => "JS ERROR;JS LOG"
GNOME_DESKTOP_SESSION_ID => "this-is-deprecated"
GNOME_KEYRING_CONTROL => "/run/user/1000/keyring-r9ZBOV"
GNOME_KEYRING_PID => "1556"
GNOME_PATH => "/usr"
GNUMERIC_ENABLE_XL_OVERWRITE => "1"
GPG_AGENT_INFO => "/run/user/1000/keyring-r9ZBOV/gpg:0:1"
GTK_DEFAULT_FILECHOOSER_DIR => "/home/jimmac"
HISTCONTROL => "erasedups"
HISTSIZE => "10000"
HOME => "/home/jimmac"
HOSTNAME => "poseidon"
IMSETTINGS_INTEGRATE_DESKTOP => "yes"
IMSETTINGS_MODULE => "none"
KDEDIRS => "/usr"
KDE_IS_PRELINKED => "1"
LANG => "en_US"
LC_ALL => "en_US.UTF-8"
LC_MEASUREMENT => "cs_CZ.utf8"
LC_MONETARY => "cs_CZ.utf8"
LC_NUMERIC => "cs_CZ.utf8"
LC_PAPER => "cs_CZ.utf8"
LC_TIME => "cs_CZ.utf8"
LD_LIBRARY_PATH => ":/usr/local/cuda-5.0/lib64:/lib:/usr/local/cuda-5.0/lib64:/lib"
LESSOPEN => "||/usr/bin/lesspipe.sh %s"
LESS_TERMCAP_mb => "\e[01;31m"
LESS_TERMCAP_md => "\e[01;31m"
LESS_TERMCAP_me => "\e[0m"
LESS_TERMCAP_se => "\e[0m"
LESS_TERMCAP_so => "\e[01;44;33m"
LESS_TERMCAP_ue => "\e[0m"
LESS_TERMCAP_us => "\e[01;32m"
LOGNAME => "jimmac"
MAIL => "/var/spool/mail/jimmac"
MOZ_PLUGIN_PATH => "/usr/lib/mozilla/plugins:/home/jimmac/.mozilla/plugins"
PAGER => "less -R"
PATH => "/home/jimmac/bin:/usr/local/pspdev/bin:/opt/artlibre/bin:/home/jimmac/bin:/usr/local/pspdev/bin:/opt/artlibre/bin:/usr/lib64/qt-3.3/bin:/usr/local/bin:/usr/bin:/bin:/usr/local/sbin:/usr/sbin:/usr/local/bin:/home/jimmac/bin:/opt/jhbuild/install/bin:/home/jimmac/.gem/ruby/1.9.1/bin:/usr/local/cuda/bin:/sbin:/usr/sbin:/usr/local/bin:/home/jimmac/bin:/opt/jhbuild/install/bin:/home/jimmac/.gem/ruby/1.9.1/bin:/usr/local/cuda/bin:/sbin:/usr/sbin"
PILOTPORT => "/dev/ttyUSB0"
PWD => "/home/jimmac/SparkleShare/gnome-mockups/software/landing-page/banner-styling"
PYTHONPATH => ":/home/jimmac/.blender/scripts:/home/jimmac/.blender/scripts"
QTDIR => "/usr/lib/qt"
QTINC => "/usr/lib64/qt-3.3/include"
QTLIB => "/usr/lib64/qt-3.3/lib"
QT_GRAPHICSSYSTEM_CHECKED => "1"
QT_IM_MODULE => "ibus"
QT_PLUGIN_PATH => "/usr/lib64/kde4/plugins:/usr/lib/kde4/plugins"
SDL_AUDIODRIVER => "alsa"
SDL_VIDEO_X11_NODIRECTCOLOR => "1"
SESSION_MANAGER => "local/unix:@/tmp/.ICE-unix/1558,unix/unix:/tmp/.ICE-unix/1558"
SGML_CATALOG_FILES => "/usr/lib/sgml/docbook.cat:/usr/lib/sgml/stylesheets.cat:/usr/lib/sgml/nwalsh-modular.cat:/usr/lib/sgml/sgml-common.cat:/usr/lib/sgml/catalog"
SHELL => "/bin/bash"
SHLVL => "2"
SSH_AUTH_SOCK => "/run/user/1000/keyring-r9ZBOV/ssh"
TERM => "gnome-256color"
USER => "jimmac"
USERNAME => "jimmac"
VTE_VERSION => "3406"
WINDOWID => "50331654"
WINDOWPATH => "1"
XAUTHORITY => "/run/gdm/auth-for-jimmac-mCrSqU/database"
XDG_MENU_PREFIX => "gnome-"
XDG_RUNTIME_DIR => "/run/user/1000"
XDG_SEAT => "seat0"
XDG_SESSION_ID => "1"
XDG_VTNR => "1"
XMODIFIERS => "@im=ibus"

===== LOAD PATHS:

  0. /usr/share/gems/gems/listen-0.4.7/lib
  1. /home/jimmac/.gem/ruby/gems/nanoc-3.6.4/lib
  2. /usr/share/gems/gems/bundler-1.3.1/lib
  3. /home/jimmac/.gem/ruby/gems/nanoc-3.6.4/lib
  4. /home/jimmac/.gem/ruby/gems/cri-2.4.0/lib
  5. /home/jimmac/.gem/ruby/gems/colored-1.2/lib
  6. /usr/local/share/ruby/site_ruby
  7. /usr/local/lib64/ruby/site_ruby
  8. /usr/share/ruby/vendor_ruby
  9. /usr/lib64/ruby/vendor_ruby
  10. /usr/share/rubygems
  11. /usr/share/ruby
  12. /usr/lib64/ruby/
